<?xml version="1.0" encoding="UTF-8"?>
<testsuite name="org.example.SILab2Test" tests="1" skipped="0" failures="0" errors="0" timestamp="2024-05-14T18:48:46" hostname="LAPTOP-IN8NH2OB" time="0.032">
  <properties/>
  <testcase name="checkMultipleCondition()" classname="org.example.SILab2Test" time="0.032"/>
  <system-out><![CDATA[]]></system-out>
  <system-err><![CDATA[]]></system-err>
</testsuite>
